#
# A fatal error has been detected by the Java Runtime Environment:
#
#  SIGSEGV (0xb) at pc=0x0000000115893237, pid=65405, tid=29059
#
# JRE version: OpenJDK Runtime Environment (17.0.1+12) (build 17.0.1+12-39)
# Java VM: OpenJDK 64-Bit Server VM (17.0.1+12-39, mixed mode, sharing, tiered, compressed oops, compressed class ptrs, g1 gc, bsd-amd64)
# Problematic frame:
# j  java.util.concurrent.locks.AbstractQueuedSynchronizer$Node.setStatusRelaxed(I)V+0 java.base@17.0.1
#
# No core dump will be written. Core dumps have been disabled. To enable core dumping, try "ulimit -c unlimited" before starting Java again
#
# If you would like to submit a bug report, please visit:
#   https://bugreport.java.com/bugreport/crash.jsp
#

---------------  S U M M A R Y ------------

Command Line: -agentlib:jdwp=transport=dt_socket,address=127.0.0.1:50910,suspend=y,server=n -javaagent:/Users/hmhsbsly1/Library/Caches/JetBrains/IdeaIC2022.2/captureAgent/debugger-agent.jar -Dfile.encoding=UTF-8 --module-path=/Users/hmhsbsly1/.m2/repository/org/openjfx/javafx-controls/17.0.2/javafx-controls-17.0.2-mac.jar:/Users/hmhsbsly1/.m2/repository/org/openjfx/javafx-graphics/17.0.2/javafx-graphics-17.0.2-mac.jar:/Users/hmhsbsly1/.m2/repository/org/openjfx/javafx-fxml/17.0.2/javafx-fxml-17.0.2-mac.jar:/Users/hmhsbsly1/IdeaProjects/Q2_mmn13/target/classes:/Users/hmhsbsly1/.m2/repository/org/openjfx/javafx-base/17.0.2/javafx-base-17.0.2-mac.jar -Djdk.module.main=com.example.q2_mmn13 com.example.q2_mmn13/com.example.q2_mmn13.Hang_manApplication

Host: "MacBookPro18,3" x86_64 (EMULATED) 2400 MHz, 10 cores, 16G, Darwin 21.6.0, macOS 12.5.1 (21G83)
Time: Tue Nov 22 12:27:21 2022 IST elapsed time: 117.636696 seconds (0d 0h 1m 57s)

---------------  T H R E A D  ---------------

Current thread (0x00007fe653031000):  JavaThread "QuantumRenderer-0" daemon [_thread_in_Java, id=29059, stack(0x0000000309d6b000,0x0000000309e6b000)]

Stack: [0x0000000309d6b000,0x0000000309e6b000],  sp=0x0000000309e6a6e0,  free space=1021k
Native frames: (J=compiled Java code, j=interpreted, Vv=VM code, C=native code)
j  java.util.concurrent.locks.AbstractQueuedSynchronizer$Node.setStatusRelaxed(I)V+0 java.base@17.0.1
J 2705 c1 java.util.concurrent.locks.AbstractQueuedSynchronizer$ConditionObject.enableWait(Ljava/util/concurrent/locks/AbstractQueuedSynchronizer$ConditionNode;)I java.base@17.0.1 (84 bytes) @ 0x000000011632e204 [0x000000011632e040+0x00000000000001c4]
j  java.util.concurrent.locks.AbstractQueuedSynchronizer$ConditionObject.await()V+24 java.base@17.0.1
j  java.util.concurrent.LinkedBlockingQueue.take()Ljava/lang/Object;+27 java.base@17.0.1
j  java.util.concurrent.ThreadPoolExecutor.getTask()Ljava/lang/Runnable;+147 java.base@17.0.1
j  java.util.concurrent.ThreadPoolExecutor.runWorker(Ljava/util/concurrent/ThreadPoolExecutor$Worker;)V+26 java.base@17.0.1
j  java.util.concurrent.ThreadPoolExecutor$Worker.run()V+5 java.base@17.0.1
j  com.sun.javafx.tk.quantum.QuantumRenderer$PipelineRunnable.run()V+8 javafx.graphics
j  java.lang.Thread.run()V+11 java.base@17.0.1
v  ~StubRoutines::call_stub
V  [libjvm.dylib+0x503b61]  _ZN9JavaCalls11call_helperEP9JavaValueRK12methodHandleP17JavaCallArgumentsP10JavaThread+0x2a1
V  [libjvm.dylib+0x502bd7]  _ZN9JavaCalls12call_virtualEP9JavaValueP5KlassP6SymbolS5_P17JavaCallArgumentsP10JavaThread+0x147
V  [libjvm.dylib+0x502ca3]  _ZN9JavaCalls12call_virtualEP9JavaValue6HandleP5KlassP6SymbolS6_P10JavaThread+0x63
V  [libjvm.dylib+0x5ac614]  _ZL12thread_entryP10JavaThreadS0_+0xb4
V  [libjvm.dylib+0x9f0607]  _ZN10JavaThread17thread_main_innerEv+0x147
V  [libjvm.dylib+0x9eea1a]  _ZN6Thread8call_runEv+0x11a
V  [libjvm.dylib+0x882ea8]  _ZL19thread_native_entryP6Thread+0x148
